[2019-11-17 15:43:08] local.ERROR: A CreateWalletsTable class already exists. {"exception":"[object] (InvalidArgumentException(code: 0): A CreateWalletsTable class already exists. at /home/faynn/ProjectosAulas/ProjetoDAD/vendor/laravel/framework/src/Illuminate/Database/Migrations/MigrationCreator.php:90)
[stacktrace]
#0 /home/faynn/ProjectosAulas/ProjetoDAD/vendor/laravel/framework/src/Illuminate/Database/Migrations/MigrationCreator.php(50): Illuminate\\Database\\Migrations\\MigrationCreator->ensureMigrationDoesntAlreadyExist('create_wallets_...', '/home/faynn/Pro...')
#1 /home/faynn/ProjectosAulas/ProjetoDAD/vendor/laravel/framework/src/Illuminate/Database/Console/Migrations/MigrateMakeCommand.php(110): Illuminate\\Database\\Migrations\\MigrationCreator->create('create_wallets_...', '/home/faynn/Pro...', 'wallets', true)
#2 /home/faynn/ProjectosAulas/ProjetoDAD/vendor/laravel/framework/src/Illuminate/Database/Console/Migrations/MigrateMakeCommand.php(94): Illuminate\\Database\\Console\\Migrations\\MigrateMakeCommand->writeMigration('create_wallets_...', 'wallets', true)
#3 [internal function]: Illuminate\\Database\\Console\\Migrations\\MigrateMakeCommand->handle()
#4 /home/faynn/ProjectosAulas/ProjetoDAD/vendor/laravel/framework/src/Illuminate/Container/BoundMethod.php(32): call_user_func_array(Array, Array)
#5 /home/faynn/ProjectosAulas/ProjetoDAD/vendor/laravel/framework/src/Illuminate/Support/helpers.php(520): Illuminate\\Container\\BoundMethod::Illuminate\\Container\\{closure}()
#6 /home/faynn/ProjectosAulas/ProjetoDAD/vendor/laravel/framework/src/Illuminate/Container/BoundMethod.php(90): value(Object(Closure))
#7 /home/faynn/ProjectosAulas/ProjetoDAD/vendor/laravel/framework/src/Illuminate/Container/BoundMethod.php(34): Illuminate\\Container\\BoundMethod::callBoundMethod(Object(Illuminate\\Foundation\\Application), Array, Object(Closure))
#8 /home/faynn/ProjectosAulas/ProjetoDAD/vendor/laravel/framework/src/Illuminate/Container/Container.php(591): Illuminate\\Container\\BoundMethod::call(Object(Illuminate\\Foundation\\Application), Array, Array, NULL)
#9 /home/faynn/ProjectosAulas/ProjetoDAD/vendor/laravel/framework/src/Illuminate/Console/Command.php(202): Illuminate\\Container\\Container->call(Array)
#10 /home/faynn/ProjectosAulas/ProjetoDAD/vendor/symfony/console/Command/Command.php(255): Illuminate\\Console\\Command->execute(Object(Symfony\\Component\\Console\\Input\\ArrayInput), Object(Illuminate\\Console\\OutputStyle))
#11 /home/faynn/ProjectosAulas/ProjetoDAD/vendor/laravel/framework/src/Illuminate/Console/Command.php(189): Symfony\\Component\\Console\\Command\\Command->run(Object(Symfony\\Component\\Console\\Input\\ArrayInput), Object(Illuminate\\Console\\OutputStyle))
#12 /home/faynn/ProjectosAulas/ProjetoDAD/vendor/laravel/framework/src/Illuminate/Console/Command.php(242): Illuminate\\Console\\Command->run(Object(Symfony\\Component\\Console\\Input\\ArrayInput), Object(Illuminate\\Console\\OutputStyle))
#13 /home/faynn/ProjectosAulas/ProjetoDAD/vendor/laravel/framework/src/Illuminate/Console/Command.php(214): Illuminate\\Console\\Command->runCommand('make:migration', Array, Object(Illuminate\\Console\\OutputStyle))
#14 /home/faynn/ProjectosAulas/ProjetoDAD/vendor/laravel/framework/src/Illuminate/Foundation/Console/ModelMakeCommand.php(93): Illuminate\\Console\\Command->call('make:migration', Array)
#15 /home/faynn/ProjectosAulas/ProjetoDAD/vendor/laravel/framework/src/Illuminate/Foundation/Console/ModelMakeCommand.php(55): Illuminate\\Foundation\\Console\\ModelMakeCommand->createMigration()
#16 [internal function]: Illuminate\\Foundation\\Console\\ModelMakeCommand->handle()
#17 /home/faynn/ProjectosAulas/ProjetoDAD/vendor/laravel/framework/src/Illuminate/Container/BoundMethod.php(32): call_user_func_array(Array, Array)
#18 /home/faynn/ProjectosAulas/ProjetoDAD/vendor/laravel/framework/src/Illuminate/Support/helpers.php(520): Illuminate\\Container\\BoundMethod::Illuminate\\Container\\{closure}()
#19 /home/faynn/ProjectosAulas/ProjetoDAD/vendor/laravel/framework/src/Illuminate/Container/BoundMethod.php(90): value(Object(Closure))
#20 /home/faynn/ProjectosAulas/ProjetoDAD/vendor/laravel/framework/src/Illuminate/Container/BoundMethod.php(34): Illuminate\\Container\\BoundMethod::callBoundMethod(Object(Illuminate\\Foundation\\Application), Array, Object(Closure))
#21 /home/faynn/ProjectosAulas/ProjetoDAD/vendor/laravel/framework/src/Illuminate/Container/Container.php(591): Illuminate\\Container\\BoundMethod::call(Object(Illuminate\\Foundation\\Application), Array, Array, NULL)
#22 /home/faynn/ProjectosAulas/ProjetoDAD/vendor/laravel/framework/src/Illuminate/Console/Command.php(202): Illuminate\\Container\\Container->call(Array)
#23 /home/faynn/ProjectosAulas/ProjetoDAD/vendor/symfony/console/Command/Command.php(255): Illuminate\\Console\\Command->execute(Object(Symfony\\Component\\Console\\Input\\ArgvInput), Object(Illuminate\\Console\\OutputStyle))
#24 /home/faynn/ProjectosAulas/ProjetoDAD/vendor/laravel/framework/src/Illuminate/Console/Command.php(189): Symfony\\Component\\Console\\Command\\Command->run(Object(Symfony\\Component\\Console\\Input\\ArgvInput), Object(Illuminate\\Console\\OutputStyle))
#25 /home/faynn/ProjectosAulas/ProjetoDAD/vendor/symfony/console/Application.php(934): Illuminate\\Console\\Command->run(Object(Symfony\\Component\\Console\\Input\\ArgvInput), Object(Symfony\\Component\\Console\\Output\\ConsoleOutput))
#26 /home/faynn/ProjectosAulas/ProjetoDAD/vendor/symfony/console/Application.php(273): Symfony\\Component\\Console\\Application->doRunCommand(Object(Illuminate\\Foundation\\Console\\ModelMakeCommand), Object(Symfony\\Component\\Console\\Input\\ArgvInput), Object(Symfony\\Component\\Console\\Output\\ConsoleOutput))
#27 /home/faynn/ProjectosAulas/ProjetoDAD/vendor/symfony/console/Application.php(149): Symfony\\Component\\Console\\Application->doRun(Object(Symfony\\Component\\Console\\Input\\ArgvInput), Object(Symfony\\Component\\Console\\Output\\ConsoleOutput))
#28 /home/faynn/ProjectosAulas/ProjetoDAD/vendor/laravel/framework/src/Illuminate/Console/Application.php(90): Symfony\\Component\\Console\\Application->run(Object(Symfony\\Component\\Console\\Input\\ArgvInput), Object(Symfony\\Component\\Console\\Output\\ConsoleOutput))
#29 /home/faynn/ProjectosAulas/ProjetoDAD/vendor/laravel/framework/src/Illuminate/Foundation/Console/Kernel.php(131): Illuminate\\Console\\Application->run(Object(Symfony\\Component\\Console\\Input\\ArgvInput), Object(Symfony\\Component\\Console\\Output\\ConsoleOutput))
#30 /home/faynn/ProjectosAulas/ProjetoDAD/artisan(37): Illuminate\\Foundation\\Console\\Kernel->handle(Object(Symfony\\Component\\Console\\Input\\ArgvInput), Object(Symfony\\Component\\Console\\Output\\ConsoleOutput))
#31 {main}
"} 
