[2019-11-16 12:55:56] production.ERROR: No application encryption key has been specified. {"exception":"[object] (RuntimeException(code: 0): No application encryption key has been specified. at /home/faynn/ProjectosAulas/ProjetoDAD/vendor/laravel/framework/src/Illuminate/Encryption/EncryptionServiceProvider.php:44)
[stacktrace]
#0 /home/faynn/ProjectosAulas/ProjetoDAD/vendor/laravel/framework/src/Illuminate/Support/helpers.php(422): Illuminate\\Encryption\\EncryptionServiceProvider->Illuminate\\Encryption\\{closure}(NULL)
#1 /home/faynn/ProjectosAulas/ProjetoDAD/vendor/laravel/framework/src/Illuminate/Encryption/EncryptionServiceProvider.php(48): tap(NULL, Object(Closure))
#2 /home/faynn/ProjectosAulas/ProjetoDAD/vendor/laravel/framework/src/Illuminate/Encryption/EncryptionServiceProvider.php(24): Illuminate\\Encryption\\EncryptionServiceProvider->key(Array)
#3 /home/faynn/ProjectosAulas/ProjetoDAD/vendor/laravel/framework/src/Illuminate/Container/Container.php(800): Illuminate\\Encryption\\EncryptionServiceProvider->Illuminate\\Encryption\\{closure}(Object(Illuminate\\Foundation\\Application), Array)
#4 /home/faynn/ProjectosAulas/ProjetoDAD/vendor/laravel/framework/src/Illuminate/Container/Container.php(682): Illuminate\\Container\\Container->build(Object(Closure))
#5 /home/faynn/ProjectosAulas/ProjetoDAD/vendor/laravel/framework/src/Illuminate/Container/Container.php(630): Illuminate\\Container\\Container->resolve('encrypter', Array)
#6 /home/faynn/ProjectosAulas/ProjetoDAD/vendor/laravel/framework/src/Illuminate/Foundation/Application.php(768): Illuminate\\Container\\Container->make('encrypter', Array)
#7 /home/faynn/ProjectosAulas/ProjetoDAD/vendor/laravel/framework/src/Illuminate/Container/Container.php(946): Illuminate\\Foundation\\Application->make('encrypter')
#8 /home/faynn/ProjectosAulas/ProjetoDAD/vendor/laravel/framework/src/Illuminate/Container/Container.php(874): Illuminate\\Container\\Container->resolveClass(Object(ReflectionParameter))
#9 /home/faynn/ProjectosAulas/ProjetoDAD/vendor/laravel/framework/src/Illuminate/Container/Container.php(835): Illuminate\\Container\\Container->resolveDependencies(Array)
#10 /home/faynn/ProjectosAulas/ProjetoDAD/vendor/laravel/framework/src/Illuminate/Container/Container.php(682): Illuminate\\Container\\Container->build('App\\\\Http\\\\Middle...')
#11 /home/faynn/ProjectosAulas/ProjetoDAD/vendor/laravel/framework/src/Illuminate/Container/Container.php(630): Illuminate\\Container\\Container->resolve('App\\\\Http\\\\Middle...', Array)
#12 /home/faynn/ProjectosAulas/ProjetoDAD/vendor/laravel/framework/src/Illuminate/Foundation/Application.php(768): Illuminate\\Container\\Container->make('App\\\\Http\\\\Middle...', Array)
#13 /home/faynn/ProjectosAulas/ProjetoDAD/vendor/laravel/framework/src/Illuminate/Pipeline/Pipeline.php(160): Illuminate\\Foundation\\Application->make('App\\\\Http\\\\Middle...')
#14 /home/faynn/ProjectosAulas/ProjetoDAD/vendor/laravel/framework/src/Illuminate/Pipeline/Pipeline.php(105): Illuminate\\Pipeline\\Pipeline->Illuminate\\Pipeline\\{closure}(Object(Illuminate\\Http\\Request))
#15 /home/faynn/ProjectosAulas/ProjetoDAD/vendor/laravel/framework/src/Illuminate/Routing/Router.php(682): Illuminate\\Pipeline\\Pipeline->then(Object(Closure))
#16 /home/faynn/ProjectosAulas/ProjetoDAD/vendor/laravel/framework/src/Illuminate/Routing/Router.php(657): Illuminate\\Routing\\Router->runRouteWithinStack(Object(Illuminate\\Routing\\Route), Object(Illuminate\\Http\\Request))
#17 /home/faynn/ProjectosAulas/ProjetoDAD/vendor/laravel/framework/src/Illuminate/Routing/Router.php(623): Illuminate\\Routing\\Router->runRoute(Object(Illuminate\\Http\\Request), Object(Illuminate\\Routing\\Route))
#18 /home/faynn/ProjectosAulas/ProjetoDAD/vendor/laravel/framework/src/Illuminate/Routing/Router.php(612): Illuminate\\Routing\\Router->dispatchToRoute(Object(Illuminate\\Http\\Request))
#19 /home/faynn/ProjectosAulas/ProjetoDAD/vendor/laravel/framework/src/Illuminate/Foundation/Http/Kernel.php(176): Illuminate\\Routing\\Router->dispatch(Object(Illuminate\\Http\\Request))
#20 /home/faynn/ProjectosAulas/ProjetoDAD/vendor/laravel/framework/src/Illuminate/Pipeline/Pipeline.php(130): Illuminate\\Foundation\\Http\\Kernel->Illuminate\\Foundation\\Http\\{closure}(Object(Illuminate\\Http\\Request))
#21 /home/faynn/ProjectosAulas/ProjetoDAD/vendor/laravel/framework/src/Illuminate/Foundation/Http/Middleware/TransformsRequest.php(21): Illuminate\\Pipeline\\Pipeline->Illuminate\\Pipeline\\{closure}(Object(Illuminate\\Http\\Request))
#22 /home/faynn/ProjectosAulas/ProjetoDAD/vendor/laravel/framework/src/Illuminate/Pipeline/Pipeline.php(171): Illuminate\\Foundation\\Http\\Middleware\\TransformsRequest->handle(Object(Illuminate\\Http\\Request), Object(Closure))
#23 /home/faynn/ProjectosAulas/ProjetoDAD/vendor/laravel/framework/src/Illuminate/Foundation/Http/Middleware/TransformsRequest.php(21): Illuminate\\Pipeline\\Pipeline->Illuminate\\Pipeline\\{closure}(Object(Illuminate\\Http\\Request))
#24 /home/faynn/ProjectosAulas/ProjetoDAD/vendor/laravel/framework/src/Illuminate/Pipeline/Pipeline.php(171): Illuminate\\Foundation\\Http\\Middleware\\TransformsRequest->handle(Object(Illuminate\\Http\\Request), Object(Closure))
#25 /home/faynn/ProjectosAulas/ProjetoDAD/vendor/laravel/framework/src/Illuminate/Foundation/Http/Middleware/ValidatePostSize.php(27): Illuminate\\Pipeline\\Pipeline->Illuminate\\Pipeline\\{closure}(Object(Illuminate\\Http\\Request))
#26 /home/faynn/ProjectosAulas/ProjetoDAD/vendor/laravel/framework/src/Illuminate/Pipeline/Pipeline.php(171): Illuminate\\Foundation\\Http\\Middleware\\ValidatePostSize->handle(Object(Illuminate\\Http\\Request), Object(Closure))
#27 /home/faynn/ProjectosAulas/ProjetoDAD/vendor/laravel/framework/src/Illuminate/Foundation/Http/Middleware/CheckForMaintenanceMode.php(62): Illuminate\\Pipeline\\Pipeline->Illuminate\\Pipeline\\{closure}(Object(Illuminate\\Http\\Request))
#28 /home/faynn/ProjectosAulas/ProjetoDAD/vendor/laravel/framework/src/Illuminate/Pipeline/Pipeline.php(171): Illuminate\\Foundation\\Http\\Middleware\\CheckForMaintenanceMode->handle(Object(Illuminate\\Http\\Request), Object(Closure))
#29 /home/faynn/ProjectosAulas/ProjetoDAD/vendor/fideloper/proxy/src/TrustProxies.php(57): Illuminate\\Pipeline\\Pipeline->Illuminate\\Pipeline\\{closure}(Object(Illuminate\\Http\\Request))
#30 /home/faynn/ProjectosAulas/ProjetoDAD/vendor/laravel/framework/src/Illuminate/Pipeline/Pipeline.php(171): Fideloper\\Proxy\\TrustProxies->handle(Object(Illuminate\\Http\\Request), Object(Closure))
#31 /home/faynn/ProjectosAulas/ProjetoDAD/vendor/laravel/framework/src/Illuminate/Pipeline/Pipeline.php(105): Illuminate\\Pipeline\\Pipeline->Illuminate\\Pipeline\\{closure}(Object(Illuminate\\Http\\Request))
#32 /home/faynn/ProjectosAulas/ProjetoDAD/vendor/laravel/framework/src/Illuminate/Foundation/Http/Kernel.php(151): Illuminate\\Pipeline\\Pipeline->then(Object(Closure))
#33 /home/faynn/ProjectosAulas/ProjetoDAD/vendor/laravel/framework/src/Illuminate/Foundation/Http/Kernel.php(116): Illuminate\\Foundation\\Http\\Kernel->sendRequestThroughRouter(Object(Illuminate\\Http\\Request))
#34 /home/faynn/ProjectosAulas/ProjetoDAD/public/index.php(55): Illuminate\\Foundation\\Http\\Kernel->handle(Object(Illuminate\\Http\\Request))
#35 /home/faynn/ProjectosAulas/ProjetoDAD/server.php(21): require_once('/home/faynn/Pro...')
#36 {main}
"} 
[2019-11-16 12:55:56] production.ERROR: No application encryption key has been specified. {"exception":"[object] (RuntimeException(code: 0): No application encryption key has been specified. at /home/faynn/ProjectosAulas/ProjetoDAD/vendor/laravel/framework/src/Illuminate/Encryption/EncryptionServiceProvider.php:44)
[stacktrace]
#0 /home/faynn/ProjectosAulas/ProjetoDAD/vendor/laravel/framework/src/Illuminate/Support/helpers.php(422): Illuminate\\Encryption\\EncryptionServiceProvider->Illuminate\\Encryption\\{closure}(NULL)
#1 /home/faynn/ProjectosAulas/ProjetoDAD/vendor/laravel/framework/src/Illuminate/Encryption/EncryptionServiceProvider.php(48): tap(NULL, Object(Closure))
#2 /home/faynn/ProjectosAulas/ProjetoDAD/vendor/laravel/framework/src/Illuminate/Encryption/EncryptionServiceProvider.php(24): Illuminate\\Encryption\\EncryptionServiceProvider->key(Array)
#3 /home/faynn/ProjectosAulas/ProjetoDAD/vendor/laravel/framework/src/Illuminate/Container/Container.php(800): Illuminate\\Encryption\\EncryptionServiceProvider->Illuminate\\Encryption\\{closure}(Object(Illuminate\\Foundation\\Application), Array)
#4 /home/faynn/ProjectosAulas/ProjetoDAD/vendor/laravel/framework/src/Illuminate/Container/Container.php(682): Illuminate\\Container\\Container->build(Object(Closure))
#5 /home/faynn/ProjectosAulas/ProjetoDAD/vendor/laravel/framework/src/Illuminate/Container/Container.php(630): Illuminate\\Container\\Container->resolve('encrypter', Array)
#6 /home/faynn/ProjectosAulas/ProjetoDAD/vendor/laravel/framework/src/Illuminate/Foundation/Application.php(768): Illuminate\\Container\\Container->make('encrypter', Array)
#7 /home/faynn/ProjectosAulas/ProjetoDAD/vendor/laravel/framework/src/Illuminate/Container/Container.php(946): Illuminate\\Foundation\\Application->make('encrypter')
#8 /home/faynn/ProjectosAulas/ProjetoDAD/vendor/laravel/framework/src/Illuminate/Container/Container.php(874): Illuminate\\Container\\Container->resolveClass(Object(ReflectionParameter))
#9 /home/faynn/ProjectosAulas/ProjetoDAD/vendor/laravel/framework/src/Illuminate/Container/Container.php(835): Illuminate\\Container\\Container->resolveDependencies(Array)
#10 /home/faynn/ProjectosAulas/ProjetoDAD/vendor/laravel/framework/src/Illuminate/Container/Container.php(682): Illuminate\\Container\\Container->build('App\\\\Http\\\\Middle...')
#11 /home/faynn/ProjectosAulas/ProjetoDAD/vendor/laravel/framework/src/Illuminate/Container/Container.php(630): Illuminate\\Container\\Container->resolve('App\\\\Http\\\\Middle...', Array)
#12 /home/faynn/ProjectosAulas/ProjetoDAD/vendor/laravel/framework/src/Illuminate/Foundation/Application.php(768): Illuminate\\Container\\Container->make('App\\\\Http\\\\Middle...', Array)
#13 /home/faynn/ProjectosAulas/ProjetoDAD/vendor/laravel/framework/src/Illuminate/Foundation/Http/Kernel.php(215): Illuminate\\Foundation\\Application->make('App\\\\Http\\\\Middle...')
#14 /home/faynn/ProjectosAulas/ProjetoDAD/vendor/laravel/framework/src/Illuminate/Foundation/Http/Kernel.php(189): Illuminate\\Foundation\\Http\\Kernel->terminateMiddleware(Object(Illuminate\\Http\\Request), Object(Illuminate\\Http\\Response))
#15 /home/faynn/ProjectosAulas/ProjetoDAD/public/index.php(60): Illuminate\\Foundation\\Http\\Kernel->terminate(Object(Illuminate\\Http\\Request), Object(Illuminate\\Http\\Response))
#16 /home/faynn/ProjectosAulas/ProjetoDAD/server.php(21): require_once('/home/faynn/Pro...')
#17 {main}
"} 
